<?xml version="1.0" encoding="UTF-8"?>
<testsuite name="SampleTest" tests="1" skipped="0" failures="0" errors="0" timestamp="2024-08-03T01:24:50" hostname="CONWS101190" time="0.008">
  <properties/>
  <testcase name="testDemo()" classname="SampleTest" time="0.008"/>
  <system-out><![CDATA[]]></system-out>
  <system-err><![CDATA[]]></system-err>
</testsuite>
